<?xml version="1.0" encoding="UTF-8"?>
<testng-results skipped="0" failed="0" total="1" passed="1">
  <reporter-output>
  </reporter-output>
  <suite name="Suite" duration-ms="51381" started-at="2020-06-02T10:42:49Z" finished-at="2020-06-02T10:43:40Z">
    <groups>
      <group name="cucumber">
        <method signature="TestRun.feature(cucumber.api.testng.CucumberFeatureWrapper)[pri:0, instance:stepDefination.TestRun@12d3a4e9]" name="feature" class="stepDefination.TestRun"/>
      </group> <!-- cucumber -->
    </groups>
    <test name="Test" duration-ms="51381" started-at="2020-06-02T10:42:49Z" finished-at="2020-06-02T10:43:40Z">
      <class name="stepDefination.TestRun">
        <test-method status="PASS" signature="setUp()[pri:0, instance:stepDefination.TestRun@12d3a4e9]" name="setUp" is-config="true" duration-ms="292" started-at="2020-06-02T16:12:49Z" finished-at="2020-06-02T16:12:49Z">
          <reporter-output>
          </reporter-output>
        </test-method> <!-- setUp -->
        <test-method status="PASS" signature="feature(cucumber.api.testng.CucumberFeatureWrapper)[pri:0, instance:stepDefination.TestRun@12d3a4e9]" name="feature" duration-ms="50963" started-at="2020-06-02T16:12:49Z" description="This is for testing" data-provider="features" finished-at="2020-06-02T16:13:40Z">
          <params>
            <param index="0">
              <value>
                <![CDATA[Facebook project]]>
              </value>
            </param>
          </params>
          <reporter-output>
          </reporter-output>
        </test-method> <!-- feature -->
        <test-method status="PASS" signature="tearDown()[pri:0, instance:stepDefination.TestRun@12d3a4e9]" name="tearDown" is-config="true" duration-ms="20" started-at="2020-06-02T16:13:40Z" finished-at="2020-06-02T16:13:40Z">
          <reporter-output>
          </reporter-output>
        </test-method> <!-- tearDown -->
      </class> <!-- stepDefination.TestRun -->
    </test> <!-- Test -->
  </suite> <!-- Suite -->
</testng-results>
