<?xml version="1.0" encoding="UTF-8"?>
<testng-results skipped="0" failed="0" total="1" passed="1">
  <reporter-output>
  </reporter-output>
  <suite name="Suite" duration-ms="47003" started-at="2020-06-02T10:35:25Z" finished-at="2020-06-02T10:36:12Z">
    <groups>
      <group name="cucumber">
        <method signature="TestRun.feature(cucumber.api.testng.CucumberFeatureWrapper)[pri:0, instance:stepDefination.TestRun@23529fee]" name="feature" class="stepDefination.TestRun"/>
      </group> <!-- cucumber -->
    </groups>
    <test name="Test" duration-ms="47003" started-at="2020-06-02T10:35:25Z" finished-at="2020-06-02T10:36:12Z">
      <class name="stepDefination.TestRun">
        <test-method status="PASS" signature="setUp()[pri:0, instance:stepDefination.TestRun@23529fee]" name="setUp" is-config="true" duration-ms="325" started-at="2020-06-02T16:05:25Z" finished-at="2020-06-02T16:05:25Z">
          <reporter-output>
          </reporter-output>
        </test-method> <!-- setUp -->
        <test-method status="PASS" signature="feature(cucumber.api.testng.CucumberFeatureWrapper)[pri:0, instance:stepDefination.TestRun@23529fee]" name="feature" duration-ms="46550" started-at="2020-06-02T16:05:26Z" description="This is for testing" data-provider="features" finished-at="2020-06-02T16:06:12Z">
          <params>
            <param index="0">
              <value>
                <![CDATA[Facebook project]]>
              </value>
            </param>
          </params>
          <reporter-output>
          </reporter-output>
        </test-method> <!-- feature -->
        <test-method status="PASS" signature="tearDown()[pri:0, instance:stepDefination.TestRun@23529fee]" name="tearDown" is-config="true" duration-ms="17" started-at="2020-06-02T16:06:12Z" finished-at="2020-06-02T16:06:12Z">
          <reporter-output>
          </reporter-output>
        </test-method> <!-- tearDown -->
      </class> <!-- stepDefination.TestRun -->
    </test> <!-- Test -->
  </suite> <!-- Suite -->
</testng-results>
